build/app/intermediates/manifest_merge_blame_file/release/manifest-merger-blame-release-report.txt
1<?xml version="1.0" encoding="utf-8"?>
2<!-- suppress ALL -->
3<manifest xmlns:android="http://schemas.android.com/apk/res/android"
4    package="com.example.rolebased"
5    android:versionCode="1"
6    android:versionName="1.0.0" >
7
8    <uses-sdk
9        android:minSdkVersion="21"
9-->src\main\AndroidManifest.xml
10        android:targetSdkVersion="31" />
10-->src\main\AndroidManifest.xml
11
12    <uses-permission android:name="android.permission.INTERNET" />
12-->[com.google.firebase:firebase-auth:22.0.0] AndroidManifest.xml:25:5-67
12-->[com.google.firebase:firebase-auth:22.0.0] AndroidManifest.xml:25:22-64
13    <uses-permission android:name="android.permission.ACCESS_NETWORK_STATE" />
13-->[com.google.firebase:firebase-auth:22.0.0] AndroidManifest.xml:26:5-79
13-->[com.google.firebase:firebase-auth:22.0.0] AndroidManifest.xml:26:22-76
14    <uses-permission android:name="android.permission.WAKE_LOCK" />
14-->[com.google.android.gms:play-services-measurement-api:21.3.0] AndroidManifest.xml:24:5-68
14-->[com.google.android.gms:play-services-measurement-api:21.3.0] AndroidManifest.xml:24:22-65
15    <uses-permission android:name="com.google.android.gms.permission.AD_ID" />
15-->[com.google.android.gms:play-services-measurement-api:21.3.0] AndroidManifest.xml:25:5-79
15-->[com.google.android.gms:play-services-measurement-api:21.3.0] AndroidManifest.xml:25:22-76
16    <uses-permission android:name="com.google.android.finsky.permission.BIND_GET_INSTALL_REFERRER_SERVICE" />
16-->[com.google.android.gms:play-services-measurement:21.3.0] AndroidManifest.xml:26:5-110
16-->[com.google.android.gms:play-services-measurement:21.3.0] AndroidManifest.xml:26:22-107
17
18    <application
19        android:name="android.app.Application"
19-->src\main\AndroidManifest.xml:7:9-42
20        android:appComponentFactory="androidx.core.app.CoreComponentFactory"
20-->[androidx.core:core:1.6.0] AndroidManifest.xml:24:18-86
21        android:icon="@mipmap/ic_launcher"
21-->src\main\AndroidManifest.xml:8:9-43
22        android:label="rolebased" >
22-->src\main\AndroidManifest.xml:6:9-34
23        <activity
23-->src\main\AndroidManifest.xml:9:9-29:20
24            android:name="com.example.rolebased.MainActivity"
24-->src\main\AndroidManifest.xml:10:13-41
25            android:configChanges="orientation|keyboardHidden|keyboard|screenSize|smallestScreenSize|locale|layoutDirection|fontScale|screenLayout|density|uiMode"
25-->src\main\AndroidManifest.xml:14:13-163
26            android:exported="true"
26-->src\main\AndroidManifest.xml:11:13-36
27            android:hardwareAccelerated="true"
27-->src\main\AndroidManifest.xml:15:13-47
28            android:launchMode="singleTop"
28-->src\main\AndroidManifest.xml:12:13-43
29            android:theme="@style/LaunchTheme"
29-->src\main\AndroidManifest.xml:13:13-47
30            android:windowSoftInputMode="adjustResize" >
30-->src\main\AndroidManifest.xml:16:13-55
31
32            <!--
33                 Specifies an Android theme to apply to this Activity as soon as
34                 the Android process has started. This theme is visible to the user
35                 while the Flutter UI initializes. After that, this theme continues
36                 to determine the Window background behind the Flutter UI.
37            -->
38            <meta-data
38-->src\main\AndroidManifest.xml:21:13-24:17
39                android:name="io.flutter.embedding.android.NormalTheme"
39-->src\main\AndroidManifest.xml:22:15-70
40                android:resource="@style/NormalTheme" />
40-->src\main\AndroidManifest.xml:23:15-52
41
42            <intent-filter>
42-->src\main\AndroidManifest.xml:25:13-28:29
43                <action android:name="android.intent.action.MAIN" />
43-->src\main\AndroidManifest.xml:26:17-68
43-->src\main\AndroidManifest.xml:26:25-66
44
45                <category android:name="android.intent.category.LAUNCHER" />
45-->src\main\AndroidManifest.xml:27:17-76
45-->src\main\AndroidManifest.xml:27:27-74
46            </intent-filter>
47        </activity>
48        <!--
49             Don't delete the meta-data below.
50             This is used by the Flutter tool to generate GeneratedPluginRegistrant.java
51        -->
52        <meta-data
52-->src\main\AndroidManifest.xml:32:9-34:33
53            android:name="flutterEmbedding"
53-->src\main\AndroidManifest.xml:33:13-44
54            android:value="2" />
54-->src\main\AndroidManifest.xml:34:13-30
55
56        <service
56-->[:firebase_auth] AndroidManifest.xml:10:9-14:19
57            android:name="com.google.firebase.components.ComponentDiscoveryService"
57-->[:firebase_auth] AndroidManifest.xml:10:18-89
58            android:directBootAware="true"
58-->[com.google.firebase:firebase-common:20.3.2] AndroidManifest.xml:34:13-43
59            android:exported="false" >
59-->[com.google.firebase:firebase-analytics-ktx:21.3.0] AndroidManifest.xml:10:13-37
60            <meta-data
60-->[:firebase_auth] AndroidManifest.xml:11:13-13:85
61                android:name="com.google.firebase.components:io.flutter.plugins.firebase.auth.FlutterFirebaseAuthRegistrar"
61-->[:firebase_auth] AndroidManifest.xml:12:17-124
62                android:value="com.google.firebase.components.ComponentRegistrar" />
62-->[:firebase_auth] AndroidManifest.xml:13:17-82
63            <meta-data
63-->[:cloud_firestore] AndroidManifest.xml:11:13-13:85
64                android:name="com.google.firebase.components:io.flutter.plugins.firebase.firestore.FlutterFirebaseFirestoreRegistrar"
64-->[:cloud_firestore] AndroidManifest.xml:12:17-134
65                android:value="com.google.firebase.components.ComponentRegistrar" />
65-->[:cloud_firestore] AndroidManifest.xml:13:17-82
66            <meta-data
66-->[:firebase_core] AndroidManifest.xml:11:13-13:85
67                android:name="com.google.firebase.components:io.flutter.plugins.firebase.core.FlutterFirebaseCoreRegistrar"
67-->[:firebase_core] AndroidManifest.xml:12:17-124
68                android:value="com.google.firebase.components.ComponentRegistrar" />
68-->[:firebase_core] AndroidManifest.xml:13:17-82
69            <meta-data
69-->[com.google.firebase:firebase-analytics-ktx:21.3.0] AndroidManifest.xml:11:13-13:85
70                android:name="com.google.firebase.components:com.google.firebase.analytics.ktx.FirebaseAnalyticsKtxRegistrar"
70-->[com.google.firebase:firebase-analytics-ktx:21.3.0] AndroidManifest.xml:12:17-126
71                android:value="com.google.firebase.components.ComponentRegistrar" />
71-->[com.google.firebase:firebase-analytics-ktx:21.3.0] AndroidManifest.xml:13:17-82
72            <meta-data
72-->[com.google.firebase:firebase-common-ktx:20.3.2] AndroidManifest.xml:14:13-16:85
73                android:name="com.google.firebase.components:com.google.firebase.ktx.FirebaseCommonKtxRegistrar"
73-->[com.google.firebase:firebase-common-ktx:20.3.2] AndroidManifest.xml:15:17-113
74                android:value="com.google.firebase.components.ComponentRegistrar" />
74-->[com.google.firebase:firebase-common-ktx:20.3.2] AndroidManifest.xml:16:17-82
75            <meta-data
75-->[com.google.firebase:firebase-auth:22.0.0] AndroidManifest.xml:69:13-71:85
76                android:name="com.google.firebase.components:com.google.firebase.auth.FirebaseAuthRegistrar"
76-->[com.google.firebase:firebase-auth:22.0.0] AndroidManifest.xml:70:17-109
77                android:value="com.google.firebase.components.ComponentRegistrar" />
77-->[com.google.firebase:firebase-auth:22.0.0] AndroidManifest.xml:71:17-82
78            <meta-data
78-->[com.google.firebase:firebase-firestore:24.6.1] AndroidManifest.xml:19:13-21:85
79                android:name="com.google.firebase.components:com.google.firebase.firestore.FirestoreRegistrar"
79-->[com.google.firebase:firebase-firestore:24.6.1] AndroidManifest.xml:20:17-111
80                android:value="com.google.firebase.components.ComponentRegistrar" />
80-->[com.google.firebase:firebase-firestore:24.6.1] AndroidManifest.xml:21:17-82
81            <meta-data
81-->[com.google.android.gms:play-services-measurement-api:21.3.0] AndroidManifest.xml:31:13-33:85
82                android:name="com.google.firebase.components:com.google.firebase.analytics.connector.internal.AnalyticsConnectorRegistrar"
82-->[com.google.android.gms:play-services-measurement-api:21.3.0] AndroidManifest.xml:32:17-139
83                android:value="com.google.firebase.components.ComponentRegistrar" />
83-->[com.google.android.gms:play-services-measurement-api:21.3.0] AndroidManifest.xml:33:17-82
84            <meta-data
84-->[com.google.firebase:firebase-installations:17.1.3] AndroidManifest.xml:17:13-19:85
85                android:name="com.google.firebase.components:com.google.firebase.installations.FirebaseInstallationsRegistrar"
85-->[com.google.firebase:firebase-installations:17.1.3] AndroidManifest.xml:18:17-127
86                android:value="com.google.firebase.components.ComponentRegistrar" />
86-->[com.google.firebase:firebase-installations:17.1.3] AndroidManifest.xml:19:17-82
87        </service>
88
89        <activity
89-->[com.google.firebase:firebase-auth:22.0.0] AndroidManifest.xml:29:9-46:20
90            android:name="com.google.firebase.auth.internal.GenericIdpActivity"
90-->[com.google.firebase:firebase-auth:22.0.0] AndroidManifest.xml:30:13-80
91            android:excludeFromRecents="true"
91-->[com.google.firebase:firebase-auth:22.0.0] AndroidManifest.xml:31:13-46
92            android:exported="true"
92-->[com.google.firebase:firebase-auth:22.0.0] AndroidManifest.xml:32:13-36
93            android:launchMode="singleTask"
93-->[com.google.firebase:firebase-auth:22.0.0] AndroidManifest.xml:33:13-44
94            android:theme="@android:style/Theme.Translucent.NoTitleBar" >
94-->[com.google.firebase:firebase-auth:22.0.0] AndroidManifest.xml:34:13-72
95            <intent-filter>
95-->[com.google.firebase:firebase-auth:22.0.0] AndroidManifest.xml:35:13-45:29
96                <action android:name="android.intent.action.VIEW" />
96-->[com.google.firebase:firebase-auth:22.0.0] AndroidManifest.xml:36:17-69
96-->[com.google.firebase:firebase-auth:22.0.0] AndroidManifest.xml:36:25-66
97
98                <category android:name="android.intent.category.DEFAULT" />
98-->[com.google.firebase:firebase-auth:22.0.0] AndroidManifest.xml:38:17-76
98-->[com.google.firebase:firebase-auth:22.0.0] AndroidManifest.xml:38:27-73
99                <category android:name="android.intent.category.BROWSABLE" />
99-->[com.google.firebase:firebase-auth:22.0.0] AndroidManifest.xml:39:17-78
99-->[com.google.firebase:firebase-auth:22.0.0] AndroidManifest.xml:39:27-75
100
101                <data
101-->[com.google.firebase:firebase-auth:22.0.0] AndroidManifest.xml:41:17-44:51
102                    android:host="firebase.auth"
102-->[com.google.firebase:firebase-auth:22.0.0] AndroidManifest.xml:42:21-49
103                    android:path="/"
103-->[com.google.firebase:firebase-auth:22.0.0] AndroidManifest.xml:43:21-37
104                    android:scheme="genericidp" />
104-->[com.google.firebase:firebase-auth:22.0.0] AndroidManifest.xml:44:21-48
105            </intent-filter>
106        </activity>
107        <activity
107-->[com.google.firebase:firebase-auth:22.0.0] AndroidManifest.xml:47:9-64:20
108            android:name="com.google.firebase.auth.internal.RecaptchaActivity"
108-->[com.google.firebase:firebase-auth:22.0.0] AndroidManifest.xml:48:13-79
109            android:excludeFromRecents="true"
109-->[com.google.firebase:firebase-auth:22.0.0] AndroidManifest.xml:49:13-46
110            android:exported="true"
110-->[com.google.firebase:firebase-auth:22.0.0] AndroidManifest.xml:50:13-36
111            android:launchMode="singleTask"
111-->[com.google.firebase:firebase-auth:22.0.0] AndroidManifest.xml:51:13-44
112            android:theme="@android:style/Theme.Translucent.NoTitleBar" >
112-->[com.google.firebase:firebase-auth:22.0.0] AndroidManifest.xml:52:13-72
113            <intent-filter>
113-->[com.google.firebase:firebase-auth:22.0.0] AndroidManifest.xml:53:13-63:29
114                <action android:name="android.intent.action.VIEW" />
114-->[com.google.firebase:firebase-auth:22.0.0] AndroidManifest.xml:36:17-69
114-->[com.google.firebase:firebase-auth:22.0.0] AndroidManifest.xml:36:25-66
115
116                <category android:name="android.intent.category.DEFAULT" />
116-->[com.google.firebase:firebase-auth:22.0.0] AndroidManifest.xml:38:17-76
116-->[com.google.firebase:firebase-auth:22.0.0] AndroidManifest.xml:38:27-73
117                <category android:name="android.intent.category.BROWSABLE" />
117-->[com.google.firebase:firebase-auth:22.0.0] AndroidManifest.xml:39:17-78
117-->[com.google.firebase:firebase-auth:22.0.0] AndroidManifest.xml:39:27-75
118
119                <data
119-->[com.google.firebase:firebase-auth:22.0.0] AndroidManifest.xml:41:17-44:51
120                    android:host="firebase.auth"
120-->[com.google.firebase:firebase-auth:22.0.0] AndroidManifest.xml:42:21-49
121                    android:path="/"
121-->[com.google.firebase:firebase-auth:22.0.0] AndroidManifest.xml:43:21-37
122                    android:scheme="recaptcha" />
122-->[com.google.firebase:firebase-auth:22.0.0] AndroidManifest.xml:44:21-48
123            </intent-filter>
124        </activity>
125
126        <uses-library
126-->[androidx.window:window:1.0.0-beta04] AndroidManifest.xml:25:9-27:40
127            android:name="androidx.window.extensions"
127-->[androidx.window:window:1.0.0-beta04] AndroidManifest.xml:26:13-54
128            android:required="false" />
128-->[androidx.window:window:1.0.0-beta04] AndroidManifest.xml:27:13-37
129        <uses-library
129-->[androidx.window:window:1.0.0-beta04] AndroidManifest.xml:28:9-30:40
130            android:name="androidx.window.sidecar"
130-->[androidx.window:window:1.0.0-beta04] AndroidManifest.xml:29:13-51
131            android:required="false" />
131-->[androidx.window:window:1.0.0-beta04] AndroidManifest.xml:30:13-37
132
133        <provider
133-->[com.google.firebase:firebase-common:20.3.2] AndroidManifest.xml:25:9-30:39
134            android:name="com.google.firebase.provider.FirebaseInitProvider"
134-->[com.google.firebase:firebase-common:20.3.2] AndroidManifest.xml:26:13-77
135            android:authorities="com.example.rolebased.firebaseinitprovider"
135-->[com.google.firebase:firebase-common:20.3.2] AndroidManifest.xml:27:13-72
136            android:directBootAware="true"
136-->[com.google.firebase:firebase-common:20.3.2] AndroidManifest.xml:28:13-43
137            android:exported="false"
137-->[com.google.firebase:firebase-common:20.3.2] AndroidManifest.xml:29:13-37
138            android:initOrder="100" />
138-->[com.google.firebase:firebase-common:20.3.2] AndroidManifest.xml:30:13-36
139
140        <activity
140-->[com.google.android.gms:play-services-base:18.0.1] AndroidManifest.xml:20:9-22:45
141            android:name="com.google.android.gms.common.api.GoogleApiActivity"
141-->[com.google.android.gms:play-services-base:18.0.1] AndroidManifest.xml:20:19-85
142            android:exported="false"
142-->[com.google.android.gms:play-services-base:18.0.1] AndroidManifest.xml:22:19-43
143            android:theme="@android:style/Theme.Translucent.NoTitleBar" />
143-->[com.google.android.gms:play-services-base:18.0.1] AndroidManifest.xml:21:19-78
144
145        <receiver
145-->[com.google.android.gms:play-services-measurement:21.3.0] AndroidManifest.xml:29:9-33:20
146            android:name="com.google.android.gms.measurement.AppMeasurementReceiver"
146-->[com.google.android.gms:play-services-measurement:21.3.0] AndroidManifest.xml:30:13-85
147            android:enabled="true"
147-->[com.google.android.gms:play-services-measurement:21.3.0] AndroidManifest.xml:31:13-35
148            android:exported="false" >
148-->[com.google.android.gms:play-services-measurement:21.3.0] AndroidManifest.xml:32:13-37
149        </receiver>
150
151        <service
151-->[com.google.android.gms:play-services-measurement:21.3.0] AndroidManifest.xml:35:9-38:40
152            android:name="com.google.android.gms.measurement.AppMeasurementService"
152-->[com.google.android.gms:play-services-measurement:21.3.0] AndroidManifest.xml:36:13-84
153            android:enabled="true"
153-->[com.google.android.gms:play-services-measurement:21.3.0] AndroidManifest.xml:37:13-35
154            android:exported="false" />
154-->[com.google.android.gms:play-services-measurement:21.3.0] AndroidManifest.xml:38:13-37
155        <service
155-->[com.google.android.gms:play-services-measurement:21.3.0] AndroidManifest.xml:39:9-43:72
156            android:name="com.google.android.gms.measurement.AppMeasurementJobService"
156-->[com.google.android.gms:play-services-measurement:21.3.0] AndroidManifest.xml:40:13-87
157            android:enabled="true"
157-->[com.google.android.gms:play-services-measurement:21.3.0] AndroidManifest.xml:41:13-35
158            android:exported="false"
158-->[com.google.android.gms:play-services-measurement:21.3.0] AndroidManifest.xml:42:13-37
159            android:permission="android.permission.BIND_JOB_SERVICE" />
159-->[com.google.android.gms:play-services-measurement:21.3.0] AndroidManifest.xml:43:13-69
160
161        <meta-data
161-->[com.google.android.gms:play-services-basement:18.1.0] AndroidManifest.xml:21:9-23:69
162            android:name="com.google.android.gms.version"
162-->[com.google.android.gms:play-services-basement:18.1.0] AndroidManifest.xml:22:13-58
163            android:value="@integer/google_play_services_version" />
163-->[com.google.android.gms:play-services-basement:18.1.0] AndroidManifest.xml:23:13-66
164    </application>
165
166</manifest>